     TANGO-ROUTE PLUS STATISTICS LOG
        LOG FILENAME:  F:\PROJECTS\CGC2\IL\RIL.LOG
        DATE/TIME:  Mon Mar 18 18:01:38 1996

     Filename Specifications:
        Input  .PCB file:  F:\PROJECTS\CGC2\IL\IL.PCB
        Output .PCB file:  F:\PROJECTS\CGC2\IL\RIL.PCB
        Output .LOG file:  F:\PROJECTS\CGC2\IL\RIL.LOG
        Setup  .SET file:  F:\PROJECTS\CGC2\IL\IL.SET

     PCB Layer Assignments:
        Top:      Horizontal routes
        Bottom:   Vertical routes
        Mid 1:    (disabled)
        Mid 2:    (disabled)
        Mid 3:    (disabled)
        Mid 4:    (disabled)
        Mid 5:    (disabled)
        Mid 6:    (disabled)
        Mid 7:    (disabled)
        Mid 8:    (disabled)

     Routing Parameters:
        Routing Grid:       25 mils
        Routing Line Width: 12 mils
        Routing Clearance:  13 mils
        Via Diameter:       40 mils
        Via Hole Diameter:  20 mils

        Pad-to-Pad DRC:     13 mils
        Pad-to-Line DRC:    13 mils
        Line-to-Line DRC:   13 mils

     Reading PCB file

     Processing pads

     Processing lines

     Processing polygons

     Processing text

     Processing keepouts

     Processing polygons

     Optimizing pre-routed lines

     Optimizing nets

     Routing Performance:
                               Routes   Percentage       Time in    Total
        Pass Title          Completed    Completed          Pass     Time

        Pre-routed signals:         0           0%          0:02     0:02
        Wide line routing:          0           0%          0:00     0:02
        Horizontal routes:         36          39%          0:00     0:02
        Vertical routes:           68          74%          0:00     0:02
        L routes (1 via):          88          96%          0:02     0:04
        Z routes (2 vias):         91         100%          0:02     0:06
        Route clean-up:            70 segs removed          0:01     0:07
        Via minimization:          13 vias removed          0:00     0:07

     Net list analysis:

        Board completely routed.

     Final Board Statistics:

        Total pins (in input PCB file):     186
        Equivalent 16 pin IC's (EIC's):    11.6
        Area on PCB (square inches):       25.2
        Density (sq inches per EIC):       2.17
        Vias added:                          26
        Completed routes:                    91  (100%)
        Non-completed routes:                 0  (  0%)

        Total execution time:              0:07

     Tango-Route PLUS  V2.02 
     Copyright (C) 1988-91  ACCEL Technologies, Inc.  All rights reserved.
